[0x74cb233afb47b0fc 2018-08-07 15:23:54] DEBUG  The additional terms will start from 0
[0x74cb233afb47b0fc 2018-08-07 15:23:54] DEBUG  Rule HEAD= 2[1]ff(?1,?2) BODY= 1[0]ff(?1,?2)  has 2 variables
[0x74cb233afb47b0fc 2018-08-07 15:23:54] DEBUG  Rule HEAD= 3[1]ff(?1,?2) BODY= 2[1]ff(?3,?1)  has 2 variables
[0x74cb233afb47b0fc 2018-08-07 15:23:54] DEBUG  Rule HEAD= 3[1]ff(?1,?2) 2[1]ff(?1,?2) BODY= 3[1]ff(?2,?1)  has 2 variables
[0x74cb233afb47b0fc 2018-08-07 15:23:54] DEBUG  Running SemiNaiver, opt_intersect = 1, opt_filtering = 1, multithreading = 0, shuffle = 0
[0x74cb233afb47b0fc 2018-08-07 15:23:54] INFO  Starting full materialization
[0x74cb233afb47b0fc 2018-08-07 15:23:54] DEBUG  Optimizing rule HEAD= 3[1]ff(?1,?2) BODY= 2[1]ff(?3,?1) 
[0x74cb233afb47b0fc 2018-08-07 15:23:54] DEBUG  --> A-2[1]ff(?3,?1)
[0x74cb233afb47b0fc 2018-08-07 15:23:54] DEBUG  Optimizing rule HEAD= 3[1]ff(?1,?2) 2[1]ff(?1,?2) BODY= 3[1]ff(?2,?1) 
[0x74cb233afb47b0fc 2018-08-07 15:23:54] DEBUG  --> B-2[1]ff(?2,?1)
[0x74cb233afb47b0fc 2018-08-07 15:23:54] DEBUG  HEAD= B-2[1]ff(?1,?2) BODY= A-2[1]ff(?3,?1) 
[0x74cb233afb47b0fc 2018-08-07 15:23:54] DEBUG  HEAD= B-2[1]ff(?1,?2) A-2[1]ff(?1,?2) BODY= B-2[1]ff(?2,?1) 
[0x74cb233afb47b0fc 2018-08-07 15:23:54] DEBUG  Iteration: 1 Rule: HEAD= A-2[1]ff(?1,?2) BODY= A_EDB-2[0]ff(?1,?2) 
[0x74cb233afb47b0fc 2018-08-07 15:23:54] DEBUG  orderExecutions.size() = 1
[0x74cb233afb47b0fc 2018-08-07 15:23:54] DEBUG  orderExecution: 0
[0x74cb233afb47b0fc 2018-08-07 15:23:54] DEBUG  Estimation of the atom A_EDB-2[0]ff(?1,?2) is 1 in the range 0 18446744073709551615
[0x74cb233afb47b0fc 2018-08-07 15:23:54] DEBUG  Atom 0 has card 1
[0x74cb233afb47b0fc 2018-08-07 15:23:54] DEBUG  Evaluating atom 0 1[0]ff(?1,?2) min=0 max=18446744073709551615
[0x74cb233afb47b0fc 2018-08-07 15:23:54] DEBUG  Iteration 1. Rule derived new tuples. Combinations 1, Processed IDB Tables=0, Total runtime 0.0493ms, join 0.000000ms, consolidation 0.000500ms, retrieving first atom 0.004200ms.
[0x74cb233afb47b0fc 2018-08-07 15:23:54] DEBUG  Iteration: 2 Rule: HEAD= B-2[1]ff(?1,?2) A-2[1]ff(?1,?2) BODY= B-2[1]ff(?2,?1) 
[0x74cb233afb47b0fc 2018-08-07 15:23:54] DEBUG  orderExecutions.size() = 1
[0x74cb233afb47b0fc 2018-08-07 15:23:54] DEBUG  orderExecution: 0
[0x74cb233afb47b0fc 2018-08-07 15:23:54] DEBUG  Estimation of the atom B-2[1]ff(?2,?1) is 0 in the range 0 18446744073709551615
[0x74cb233afb47b0fc 2018-08-07 15:23:54] DEBUG  Aborting this combination
[0x74cb233afb47b0fc 2018-08-07 15:23:54] DEBUG  Iteration 2. Rule derived NO new tuples. Combinations 1, Processed IDB Tables=0, Total runtime 0.0232ms, join 0.000000ms, consolidation 0.000000ms, retrieving first atom 0.000000ms.
[0x74cb233afb47b0fc 2018-08-07 15:23:54] DEBUG  Iteration: 3 Rule: HEAD= B-2[1]ff(?1,?2) BODY= A-2[1]ff(?3,?1) 
[0x74cb233afb47b0fc 2018-08-07 15:23:54] DEBUG  orderExecutions.size() = 1
[0x74cb233afb47b0fc 2018-08-07 15:23:54] DEBUG  orderExecution: 0
[0x74cb233afb47b0fc 2018-08-07 15:23:54] DEBUG  Estimation of the atom A-2[1]ff(?3,?1) is 1 in the range 0 18446744073709551615
[0x74cb233afb47b0fc 2018-08-07 15:23:54] DEBUG  Atom 0 has card 1
[0x74cb233afb47b0fc 2018-08-07 15:23:54] DEBUG  Evaluating atom 0 2[1]ff(?3,?1) min=0 max=18446744073709551615
[0x74cb233afb47b0fc 2018-08-07 15:23:54] DEBUG  InmemoryTable::getSortedIterator, query = 1[0]ff(?1,?2)
[0x74cb233afb47b0fc 2018-08-07 15:23:54] DEBUG  InmemoryTable::getSortedIterator, query = 1[0]ff(?1,?2)
[0x74cb233afb47b0fc 2018-08-07 15:23:54] DEBUG  getSortedAndUnique ...
[0x74cb233afb47b0fc 2018-08-07 15:23:54] DEBUG  getSortedAndUnique done
[0x74cb233afb47b0fc 2018-08-07 15:23:54] DEBUG  Iteration 3. Rule derived new tuples. Combinations 1, Processed IDB Tables=1, Total runtime 0.0786ms, join 0.000000ms, consolidation 0.013900ms, retrieving first atom 0.030900ms.
[0x74cb233afb47b0fc 2018-08-07 15:23:54] DEBUG  Iteration: 4 Rule: HEAD= B-2[1]ff(?1,?2) A-2[1]ff(?1,?2) BODY= B-2[1]ff(?2,?1) 
[0x74cb233afb47b0fc 2018-08-07 15:23:54] DEBUG  orderExecutions.size() = 1
[0x74cb233afb47b0fc 2018-08-07 15:23:54] DEBUG  orderExecution: 0
[0x74cb233afb47b0fc 2018-08-07 15:23:54] DEBUG  Estimation of the atom B-2[1]ff(?2,?1) is 1 in the range 2 18446744073709551615
[0x74cb233afb47b0fc 2018-08-07 15:23:54] DEBUG  Atom 0 has card 1
[0x74cb233afb47b0fc 2018-08-07 15:23:54] DEBUG  Evaluating atom 0 3[1]ff(?2,?1) min=2 max=18446744073709551615
[0x74cb233afb47b0fc 2018-08-07 15:23:54] DEBUG  getSortedAndUnique ...
[0x74cb233afb47b0fc 2018-08-07 15:23:54] DEBUG  getSortedAndUnique done
[0x74cb233afb47b0fc 2018-08-07 15:23:54] DEBUG  InmemoryTable::getSortedIterator, query = 1[0]ff(?1,2207613190144)
[0x74cb233afb47b0fc 2018-08-07 15:23:54] DEBUG  Returning empty segment
[0x74cb233afb47b0fc 2018-08-07 15:23:54] DEBUG  getSortedAndUnique ...
[0x74cb233afb47b0fc 2018-08-07 15:23:54] DEBUG  getSortedAndUnique done
[0x74cb233afb47b0fc 2018-08-07 15:23:54] DEBUG  checkNewIn version 2
[0x74cb233afb47b0fc 2018-08-07 15:23:54] DEBUG  InmemoryTable::getSortedIterator, query = 1[0]ff(?1,?2)
[0x74cb233afb47b0fc 2018-08-07 15:23:54] DEBUG  InmemoryTable::getSortedIterator, query = 1[0]ff(?1,?2)
[0x74cb233afb47b0fc 2018-08-07 15:23:54] DEBUG  Iteration 4. Rule derived new tuples. Combinations 1, Processed IDB Tables=1, Total runtime 0.2267ms, join 0.000000ms, consolidation 0.139300ms, retrieving first atom 0.005100ms.
[0x74cb233afb47b0fc 2018-08-07 15:23:54] DEBUG  Iteration: 5 Rule: HEAD= B-2[1]ff(?1,?2) A-2[1]ff(?1,?2) BODY= B-2[1]ff(?2,?1) 
[0x74cb233afb47b0fc 2018-08-07 15:23:54] DEBUG  orderExecutions.size() = 1
[0x74cb233afb47b0fc 2018-08-07 15:23:54] DEBUG  orderExecution: 0
[0x74cb233afb47b0fc 2018-08-07 15:23:54] DEBUG  Estimation of the atom B-2[1]ff(?2,?1) is 1 in the range 4 18446744073709551615
[0x74cb233afb47b0fc 2018-08-07 15:23:54] DEBUG  Atom 0 has card 1
[0x74cb233afb47b0fc 2018-08-07 15:23:54] DEBUG  Evaluating atom 0 3[1]ff(?2,?1) min=4 max=18446744073709551615
[0x74cb233afb47b0fc 2018-08-07 15:23:54] DEBUG  getSortedAndUnique ...
[0x74cb233afb47b0fc 2018-08-07 15:23:54] DEBUG  getSortedAndUnique done
[0x74cb233afb47b0fc 2018-08-07 15:23:54] DEBUG  InmemoryTable::getSortedIterator, query = 1[0]ff(?1,?2)
[0x74cb233afb47b0fc 2018-08-07 15:23:54] DEBUG  InmemoryTable::getSortedIterator, query = 1[0]ff(?1,?2)
[0x74cb233afb47b0fc 2018-08-07 15:23:54] DEBUG  InmemoryTable::getSortedIterator, query = 1[0]ff(?1,?2)
[0x74cb233afb47b0fc 2018-08-07 15:23:54] DEBUG  getSortedAndUnique ...
[0x74cb233afb47b0fc 2018-08-07 15:23:54] DEBUG  getSortedAndUnique done
[0x74cb233afb47b0fc 2018-08-07 15:23:54] DEBUG  checkNewIn version 2
[0x74cb233afb47b0fc 2018-08-07 15:23:54] DEBUG  InmemoryTable::getSortedIterator, query = 1[0]ff(?1,?2)
[0x74cb233afb47b0fc 2018-08-07 15:23:54] DEBUG  InmemoryTable::getSortedIterator, query = 1[0]ff(?1,?2)
[0x74cb233afb47b0fc 2018-08-07 15:23:54] DEBUG  Iteration 5. Rule derived new tuples. Combinations 1, Processed IDB Tables=1, Total runtime 0.11ms, join 0.000000ms, consolidation 0.074100ms, retrieving first atom 0.003600ms.
[0x74cb233afb47b0fc 2018-08-07 15:23:54] DEBUG  Iteration: 6 Rule: HEAD= B-2[1]ff(?1,?2) A-2[1]ff(?1,?2) BODY= B-2[1]ff(?2,?1) 
[0x74cb233afb47b0fc 2018-08-07 15:23:54] DEBUG  orderExecutions.size() = 1
[0x74cb233afb47b0fc 2018-08-07 15:23:54] DEBUG  orderExecution: 0
[0x74cb233afb47b0fc 2018-08-07 15:23:54] DEBUG  Estimation of the atom B-2[1]ff(?2,?1) is 0 in the range 5 18446744073709551615
[0x74cb233afb47b0fc 2018-08-07 15:23:54] DEBUG  Aborting this combination
[0x74cb233afb47b0fc 2018-08-07 15:23:54] DEBUG  Iteration 6. Rule derived NO new tuples. Combinations 1, Processed IDB Tables=0, Total runtime 0.0226ms, join 0.000000ms, consolidation 0.000000ms, retrieving first atom 0.000000ms.
[0x74cb233afb47b0fc 2018-08-07 15:23:54] DEBUG  Rules HEAD= B-2[1]ff(?1,?2) A-2[1]ff(?1,?2) BODY= B-2[1]ff(?2,?1)   required 4 to saturate
[0x74cb233afb47b0fc 2018-08-07 15:23:54] DEBUG  Iteration: 7 Rule: HEAD= B-2[1]ff(?1,?2) A-2[1]ff(?1,?2) BODY= B-2[1]ff(?2,?1) 
[0x74cb233afb47b0fc 2018-08-07 15:23:54] DEBUG  orderExecutions.size() = 1
[0x74cb233afb47b0fc 2018-08-07 15:23:54] DEBUG  orderExecution: 0
[0x74cb233afb47b0fc 2018-08-07 15:23:54] DEBUG  Estimation of the atom B-2[1]ff(?2,?1) is 0 in the range 6 18446744073709551615
[0x74cb233afb47b0fc 2018-08-07 15:23:54] DEBUG  Aborting this combination
[0x74cb233afb47b0fc 2018-08-07 15:23:54] DEBUG  Iteration 7. Rule derived NO new tuples. Combinations 1, Processed IDB Tables=0, Total runtime 0.0257ms, join 0.000000ms, consolidation 0.000000ms, retrieving first atom 0.000000ms.
[0x74cb233afb47b0fc 2018-08-07 15:23:54] DEBUG  Iteration: 8 Rule: HEAD= B-2[1]ff(?1,?2) BODY= A-2[1]ff(?3,?1) 
[0x74cb233afb47b0fc 2018-08-07 15:23:54] DEBUG  orderExecutions.size() = 1
[0x74cb233afb47b0fc 2018-08-07 15:23:54] DEBUG  orderExecution: 0
[0x74cb233afb47b0fc 2018-08-07 15:23:54] DEBUG  Estimation of the atom A-2[1]ff(?3,?1) is 2 in the range 3 18446744073709551615
[0x74cb233afb47b0fc 2018-08-07 15:23:54] DEBUG  Atom 0 has card 2
[0x74cb233afb47b0fc 2018-08-07 15:23:54] DEBUG  Evaluating atom 0 2[1]ff(?3,?1) min=3 max=18446744073709551615
[0x74cb233afb47b0fc 2018-08-07 15:23:54] DEBUG  InmemoryTable::getSortedIterator, query = 1[0]ff(?1,?2)
[0x74cb233afb47b0fc 2018-08-07 15:23:54] DEBUG  InmemoryTable::getSortedIterator, query = 1[0]ff(?1,?2)
[0x74cb233afb47b0fc 2018-08-07 15:23:54] DEBUG  InmemoryTable::getSortedIterator, query = 1[0]ff(?1,?2)
[0x74cb233afb47b0fc 2018-08-07 15:23:54] DEBUG  InmemoryTable::getSortedIterator, query = 1[0]ff(?1,?2)
[0x74cb233afb47b0fc 2018-08-07 15:23:54] DEBUG  Iteration 8. Rule derived NO new tuples. Combinations 1, Processed IDB Tables=2, Total runtime 0.076ms, join 0.000000ms, consolidation 0.000500ms, retrieving first atom 0.043700ms.
[0x74cb233afb47b0fc 2018-08-07 15:23:54] DEBUG  Iteration: 9 Rule: HEAD= B-2[1]ff(?1,?2) A-2[1]ff(?1,?2) BODY= B-2[1]ff(?2,?1) 
[0x74cb233afb47b0fc 2018-08-07 15:23:54] DEBUG  orderExecutions.size() = 1
[0x74cb233afb47b0fc 2018-08-07 15:23:54] DEBUG  orderExecution: 0
[0x74cb233afb47b0fc 2018-08-07 15:23:54] DEBUG  Estimation of the atom B-2[1]ff(?2,?1) is 0 in the range 7 18446744073709551615
[0x74cb233afb47b0fc 2018-08-07 15:23:54] DEBUG  Aborting this combination
[0x74cb233afb47b0fc 2018-08-07 15:23:54] DEBUG  Iteration 9. Rule derived NO new tuples. Combinations 1, Processed IDB Tables=0, Total runtime 0.0421ms, join 0.000000ms, consolidation 0.000000ms, retrieving first atom 0.000000ms.
[0x74cb233afb47b0fc 2018-08-07 15:23:54] DEBUG  Iteration: 10 Rule: HEAD= B-2[1]ff(?1,?2) BODY= A-2[1]ff(?3,?1) 
[0x74cb233afb47b0fc 2018-08-07 15:23:54] DEBUG  orderExecutions.size() = 1
[0x74cb233afb47b0fc 2018-08-07 15:23:54] DEBUG  orderExecution: 0
[0x74cb233afb47b0fc 2018-08-07 15:23:54] DEBUG  Estimation of the atom A-2[1]ff(?3,?1) is 0 in the range 8 18446744073709551615
[0x74cb233afb47b0fc 2018-08-07 15:23:54] DEBUG  Aborting this combination
[0x74cb233afb47b0fc 2018-08-07 15:23:54] DEBUG  Iteration 10. Rule derived NO new tuples. Combinations 1, Processed IDB Tables=0, Total runtime 0.0226ms, join 0.000000ms, consolidation 0.000000ms, retrieving first atom 0.000000ms.
[0x74cb233afb47b0fc 2018-08-07 15:23:54] INFO  Finished process. Iterations=11
[0x74cb233afb47b0fc 2018-08-07 15:23:54] INFO  Runtime materialization = 0.988600 milliseconds
[0x74cb233afb47b0fc 2018-08-07 15:23:54] DEBUG  Cardinality of A-2: 3
[0x74cb233afb47b0fc 2018-08-07 15:23:54] DEBUG  Cardinality of B-2: 2
[0x74cb233afb47b0fc 2018-08-07 15:23:54] DEBUG  Predicates without derivation: 0
[0x74cb233afb47b0fc 2018-08-07 15:23:54] INFO  Total # derivations: 5
